Build started 12/11/2015 10:46:13 AM.
     1>Project "C:\Users\Harley\cuda\PositionBasedFluids modify\PositionBasedFluids\PositionBasedFluids.vcxproj" on node 2 (Build target(s)).
     1>AddCudaCompileDeps:
         C:\Program Files (x86)\Microsoft Visual Studio 12.0\VC\bin\x86_amd64\cl.exe /E /nologo /showIncludes /TP /D__CUDACC__ /DWIN32 /DNDEBUG /D_CONSOLE /D_LIB /D_MBCS /IC:\Users\Harley\cuda\freeglut\include /I"C:\Users\Harley\cuda\Simple OpenGL Image Library\src" /IC:\Users\Harley\cuda\DevIL\include /IC:\Users\Harley\cuda\glew-1.13.0\include /IC:\Users\Harley\cuda\glm /IC:\Users\Harley\cuda\glfw-3.1.2.bin.WIN64\include /I"C:\Program Files\NVIDIA GPU Computing Toolkit\CUDA\v7.5\include" /I"C:\Program Files\NVIDIA GPU Computing Toolkit\CUDA\v7.5\bin" /I"C:\Program Files\NVIDIA GPU Computing Toolkit\CUDA\v7.5\include" /I. /FIcuda_runtime.h /c "C:\Users\Harley\cuda\PositionBasedFluids modify\PositionBasedFluids\ParticleSystem.cu" 
       CudaBuild:
         Compiling CUDA source file ParticleSystem.cu...
         cmd.exe /C "C:\Users\Harley\AppData\Local\Temp\tmpa9e3bd4110324e1fbb5e868ff8ba75dd.cmd"
         "C:\Program Files\NVIDIA GPU Computing Toolkit\CUDA\v7.5\bin\nvcc.exe" -gencode=arch=compute_20,code=\"sm_20,compute_20\" --use-local-env --cl-version 2013 -ccbin "C:\Program Files (x86)\Microsoft Visual Studio 12.0\VC\bin\x86_amd64"  -IC:\Users\Harley\cuda\freeglut\include -I"C:\Users\Harley\cuda\Simple OpenGL Image Library\src" -IC:\Users\Harley\cuda\DevIL\include -I"C:\Users\Harley\cuda\glew-1.13.0\include" -IC:\Users\Harley\cuda\glm -I"C:\Users\Harley\cuda\glfw-3.1.2.bin.WIN64\include" -I"C:\Program Files\NVIDIA GPU Computing Toolkit\CUDA\v7.5\include" -I"C:\Program Files\NVIDIA GPU Computing Toolkit\CUDA\v7.5\include"     --keep-dir x64\Release -maxrregcount=0  --machine 64 --compile -cudart static     -DWIN32 -DNDEBUG -D_CONSOLE -D_LIB -D_MBCS -Xcompiler "/EHsc /W3 /nologo /O2 /Zi  /MD " -o x64\Release\ParticleSystem.cu.obj "C:\Users\Harley\cuda\PositionBasedFluids modify\PositionBasedFluids\ParticleSystem.cu"
         
         C:\Users\Harley\cuda\PositionBasedFluids modify\PositionBasedFluids>"C:\Program Files\NVIDIA GPU Computing Toolkit\CUDA\v7.5\bin\nvcc.exe" -gencode=arch=compute_20,code=\"sm_20,compute_20\" --use-local-env --cl-version 2013 -ccbin "C:\Program Files (x86)\Microsoft Visual Studio 12.0\VC\bin\x86_amd64"  -IC:\Users\Harley\cuda\freeglut\include -I"C:\Users\Harley\cuda\Simple OpenGL Image Library\src" -IC:\Users\Harley\cuda\DevIL\include -I"C:\Users\Harley\cuda\glew-1.13.0\include" -IC:\Users\Harley\cuda\glm -I"C:\Users\Harley\cuda\glfw-3.1.2.bin.WIN64\include" -I"C:\Program Files\NVIDIA GPU Computing Toolkit\CUDA\v7.5\include" -I"C:\Program Files\NVIDIA GPU Computing Toolkit\CUDA\v7.5\include"     --keep-dir x64\Release -maxrregcount=0  --machine 64 --compile -cudart static     -DWIN32 -DNDEBUG -D_CONSOLE -D_LIB -D_MBCS -Xcompiler "/EHsc /W3 /nologo /O2 /Zi  /MD " -o x64\Release\ParticleSystem.cu.obj "C:\Users\Harley\cuda\PositionBasedFluids modify\PositionBasedFluids\ParticleSystem.cu" 
         ParticleSystem.cu
     1>C:\Program Files\NVIDIA GPU Computing Toolkit\CUDA\v7.5\include\thrust/system/cuda/detail/bulk/execution_policy.hpp(241): warning C4267: 'argument' : conversion from 'size_t' to 'thrust::system::cuda::detail::bulk_::parallel_group<thrust::system::cuda::detail::bulk_::agent<0x01>,0x00>::size_type', possible loss of data
     1>C:\Program Files\NVIDIA GPU Computing Toolkit\CUDA\v7.5\include\thrust/system/cuda/detail/bulk/execution_policy.hpp(303): warning C4267: 'argument' : conversion from 'size_t' to 'thrust::system::cuda::detail::bulk_::parallel_group<thrust::system::cuda::detail::bulk_::agent<0x01>,0x00>::size_type', possible loss of data
     1>C:\Program Files\NVIDIA GPU Computing Toolkit\CUDA\v7.5\include\thrust/system/cuda/detail/bulk/execution_policy.hpp(319): warning C4267: 'argument' : conversion from 'size_t' to 'thrust::system::cuda::detail::bulk_::parallel_group<thrust::system::cuda::detail::bulk_::agent<0x01>,0x00>::size_type', possible loss of data
     1>C:\Program Files\NVIDIA GPU Computing Toolkit\CUDA\v7.5\include\thrust/system/cuda/detail/bulk/execution_policy.hpp(439): warning C4267: 'argument' : conversion from 'size_t' to 'thrust::system::cuda::detail::bulk_::concurrent_group<thrust::system::cuda::detail::bulk_::agent<0x01>,0x00>::size_type', possible loss of data
     1>C:\Program Files\NVIDIA GPU Computing Toolkit\CUDA\v7.5\include\thrust/system/cuda/detail/bulk/execution_policy.hpp(250): warning C4267: 'argument' : conversion from 'size_t' to 'thrust::system::cuda::detail::bulk_::parallel_group<thrust::system::cuda::detail::bulk_::concurrent_group<thrust::system::cuda::detail::bulk_::agent<0x01>,0x00>,0x00>::size_type', possible loss of data
                 C:\Program Files\NVIDIA GPU Computing Toolkit\CUDA\v7.5\include\thrust/system/cuda/detail/bulk/execution_policy.hpp(625) : see reference to function template instantiation 'thrust::system::cuda::detail::bulk_::parallel_group<thrust::system::cuda::detail::bulk_::concurrent_group<thrust::system::cuda::detail::bulk_::agent<0x01>,0x00>,0x00> thrust::system::cuda::detail::bulk_::par<thrust::system::cuda::detail::bulk_::concurrent_group<thrust::system::cuda::detail::bulk_::agent<0x01>,0x00>>(ExecutionAgent,size_t)' being compiled
                 with
                 [
                     ExecutionAgent=thrust::system::cuda::detail::bulk_::concurrent_group<thrust::system::cuda::detail::bulk_::agent<0x01>,0x00>
                 ]
     1>C:\Program Files\NVIDIA GPU Computing Toolkit\CUDA\v7.5\include\thrust/system/cuda/detail/detail/stable_sort_each.inl(299): warning C4244: 'initializing' : conversion from 'difference_type' to 'int', possible loss of data
                 C:\Program Files\NVIDIA GPU Computing Toolkit\CUDA\v7.5\include\thrust/system/cuda/detail/detail/stable_merge_sort.inl(412) : see reference to function template instantiation 'void thrust::system::cuda::detail::detail::stable_sort_each_copy<7,thrust::system::cuda::detail::tag,context_type,RandomAccessIterator,float4*,thrust::detail::normal_iterator<thrust::pointer<float4,thrust::system::cuda::detail::tag,thrust::use_default,thrust::use_default>>,Compare>(thrust::system::cuda::detail::execution_policy<thrust::system::cuda::detail::tag> &,Context,unsigned int,RandomAccessIterator1,RandomAccessIterator1,Pointer,RandomAccessIterator2,Compare)' being compiled
                 with
                 [
                     RandomAccessIterator=thrust::device_ptr<float4>
         ,            Compare=OBCmp
         ,            Context=context_type
         ,            RandomAccessIterator1=thrust::device_ptr<float4>
         ,            Pointer=float4 *
         ,            RandomAccessIterator2=thrust::detail::normal_iterator<thrust::pointer<float4,thrust::system::cuda::detail::tag,thrust::use_default,thrust::use_default>>
                 ]
                 C:\Program Files\NVIDIA GPU Computing Toolkit\CUDA\v7.5\include\thrust/system/cuda/detail/detail/stable_merge_sort.inl(457) : see reference to function template instantiation 'void thrust::system::cuda::detail::detail::stable_merge_sort_detail::stable_merge_sort_n<thrust::system::cuda::detail::tag,RandomAccessIterator,thrust::detail::uint32_t,Compare>(thrust::system::cuda::detail::execution_policy<thrust::system::cuda::detail::tag> &,RandomAccessIterator,Size,Compare)' being compiled
                 with
                 [
                     RandomAccessIterator=thrust::device_ptr<float4>
         ,            Compare=OBCmp
         ,            Size=thrust::detail::uint32_t
                 ]
                 C:\Program Files\NVIDIA GPU Computing Toolkit\CUDA\v7.5\include\thrust/system/cuda/detail/detail/stable_merge_sort.inl(488) : see reference to function template instantiation 'void thrust::system::cuda::detail::detail::stable_merge_sort_detail::stable_merge_sort<thrust::system::cuda::detail::tag,thrust::device_ptr<float4>,OBCmp>(thrust::system::cuda::detail::execution_policy<thrust::system::cuda::detail::tag> &,RandomAccessIterator,RandomAccessIterator,Compare)' being compiled
                 with
                 [
                     RandomAccessIterator=thrust::device_ptr<float4>
         ,            Compare=OBCmp
                 ]
                 C:\Program Files\NVIDIA GPU Computing Toolkit\CUDA\v7.5\include\thrust/system/cuda/detail/sort.inl(135) : see reference to function template instantiation 'void thrust::system::cuda::detail::detail::stable_merge_sort<thrust::system::cuda::detail::tag,RandomAccessIterator,StrictWeakOrdering>(thrust::system::cuda::detail::execution_policy<thrust::system::cuda::detail::tag> &,RandomAccessIterator,RandomAccessIterator,Compare)' being compiled
                 with
                 [
                     RandomAccessIterator=thrust::device_ptr<float4>
         ,            StrictWeakOrdering=OBCmp
         ,            Compare=OBCmp
                 ]
                 C:\Program Files\NVIDIA GPU Computing Toolkit\CUDA\v7.5\include\thrust/system/cuda/detail/sort.inl(213) : see reference to function template instantiation 'void thrust::system::cuda::detail::stable_sort_detail::stable_sort<thrust::system::cuda::detail::tag,RandomAccessIterator,StrictWeakOrdering>(thrust::system::cuda::detail::execution_policy<thrust::system::cuda::detail::tag> &,RandomAccessIterator,RandomAccessIterator,StrictWeakOrdering)' being compiled
                 with
                 [
                     RandomAccessIterator=thrust::device_ptr<float4>
         ,            StrictWeakOrdering=OBCmp
                 ]
                 C:\Program Files\NVIDIA GPU Computing Toolkit\CUDA\v7.5\include\thrust/detail/tuple.inl(296) : see reference to function template instantiation 'thrust::detail::cons<T0,thrust::detail::cons<T0,thrust::detail::map_tuple_to_cons<thrust::null_type,thrust::null_type,thrust::null_type,thrust::null_type,thrust::null_type,thrust::null_type,thrust::null_type,thrust::null_type,thrust::null_type,thrust::null_type>::type>>::cons<T2,T3,T4,T5,T6,T7,T8,T9,T10,const thrust::null_type>(T1 &,T2 &,const thrust::null_type &,T4 &,T5 &,T6 &,T7 &,T8 &,T9 &,T10 &)' being compiled
                 with
                 [
                     T0=int
         ,            T2=const int
         ,            T3=const int
         ,            T4=const thrust::null_type
         ,            T5=const thrust::null_type
         ,            T6=const thrust::null_type
         ,            T7=const thrust::null_type
         ,            T8=const thrust::null_type
         ,            T9=const thrust::null_type
         ,            T10=const thrust::null_type
         ,            T1=const int
                 ]
                 C:\Program Files\NVIDIA GPU Computing Toolkit\CUDA\v7.5\include\thrust/detail/tuple.inl(296) : see reference to function template instantiation 'thrust::detail::cons<T0,thrust::detail::cons<T0,thrust::detail::map_tuple_to_cons<thrust::null_type,thrust::null_type,thrust::null_type,thrust::null_type,thrust::null_type,thrust::null_type,thrust::null_type,thrust::null_type,thrust::null_type,thrust::null_type>::type>>::cons<T2,T3,T4,T5,T6,T7,T8,T9,T10,const thrust::null_type>(T1 &,T2 &,const thrust::null_type &,T4 &,T5 &,T6 &,T7 &,T8 &,T9 &,T10 &)' being compiled
                 with
                 [
                     T0=int
         ,            T2=const int
         ,            T3=const int
         ,            T4=const thrust::null_type
         ,            T5=const thrust::null_type
         ,            T6=const thrust::null_type
         ,            T7=const thrust::null_type
         ,            T8=const thrust::null_type
         ,            T9=const thrust::null_type
         ,            T10=const thrust::null_type
         ,            T1=const int
                 ]
                 C:\Program Files\NVIDIA GPU Computing Toolkit\CUDA\v7.5\include\thrust/detail/tuple.inl(296) : see reference to function template instantiation 'thrust::detail::cons<T0,thrust::detail::cons<T0,thrust::detail::cons<T0,thrust::detail::map_tuple_to_cons<thrust::null_type,thrust::null_type,thrust::null_type,thrust::null_type,thrust::null_type,thrust::null_type,thrust::null_type,thrust::null_type,thrust::null_type,thrust::null_type>::type>>>::cons<T2,T3,T4,T5,T6,T7,T8,T9,T10,const thrust::null_type>(T1 &,T2 &,T3 &,const thrust::null_type &,T5 &,T6 &,T7 &,T8 &,T9 &,T10 &)' being compiled
                 with
                 [
                     T0=int
         ,            T2=const int
         ,            T3=const int
         ,            T4=const int
         ,            T5=const thrust::null_type
         ,            T6=const thrust::null_type
         ,            T7=const thrust::null_type
         ,            T8=const thrust::null_type
         ,            T9=const thrust::null_type
         ,            T10=const thrust::null_type
         ,            T1=const int
                 ]
                 C:\Program Files\NVIDIA GPU Computing Toolkit\CUDA\v7.5\include\thrust/detail/tuple.inl(296) : see reference to function template instantiation 'thrust::detail::cons<T0,thrust::detail::cons<T0,thrust::detail::cons<T0,thrust::detail::map_tuple_to_cons<thrust::null_type,thrust::null_type,thrust::null_type,thrust::null_type,thrust::null_type,thrust::null_type,thrust::null_type,thrust::null_type,thrust::null_type,thrust::null_type>::type>>>::cons<T2,T3,T4,T5,T6,T7,T8,T9,T10,const thrust::null_type>(T1 &,T2 &,T3 &,const thrust::null_type &,T5 &,T6 &,T7 &,T8 &,T9 &,T10 &)' being compiled
                 with
                 [
                     T0=int
         ,            T2=const int
         ,            T3=const int
         ,            T4=const int
         ,            T5=const thrust::null_type
         ,            T6=const thrust::null_type
         ,            T7=const thrust::null_type
         ,            T8=const thrust::null_type
         ,            T9=const thrust::null_type
         ,            T10=const thrust::null_type
         ,            T1=const int
                 ]
                 C:\Program Files\NVIDIA GPU Computing Toolkit\CUDA\v7.5\include\thrust/tuple.h(278) : see reference to function template instantiation 'thrust::detail::cons<T0,thrust::detail::cons<T0,thrust::detail::cons<T0,thrust::detail::cons<T0,thrust::detail::map_tuple_to_cons<thrust::null_type,thrust::null_type,thrust::null_type,thrust::null_type,thrust::null_type,thrust::null_type,thrust::null_type,thrust::null_type,thrust::null_type,thrust::null_type>::type>>>>::cons<const int,const int,const int,const int,const thrust::null_type,const thrust::null_type,const thrust::null_type,const thrust::null_type,const thrust::null_type,const thrust::null_type>(T1 &,T2 &,T3 &,T4 &,T5 &,T6 &,T7 &,T8 &,T9 &,T10 &)' being compiled
                 with
                 [
                     T0=int
         ,            T1=const int
         ,            T2=const int
         ,            T3=const int
         ,            T4=const int
         ,            T5=const thrust::null_type
         ,            T6=const thrust::null_type
         ,            T7=const thrust::null_type
         ,            T8=const thrust::null_type
         ,            T9=const thrust::null_type
         ,            T10=const thrust::null_type
                 ]
                 C:\Program Files\NVIDIA GPU Computing Toolkit\CUDA\v7.5\include\thrust/tuple.h(278) : see reference to function template instantiation 'thrust::detail::cons<T0,thrust::detail::cons<T0,thrust::detail::cons<T0,thrust::detail::cons<T0,thrust::detail::map_tuple_to_cons<thrust::null_type,thrust::null_type,thrust::null_type,thrust::null_type,thrust::null_type,thrust::null_type,thrust::null_type,thrust::null_type,thrust::null_type,thrust::null_type>::type>>>>::cons<const int,const int,const int,const int,const thrust::null_type,const thrust::null_type,const thrust::null_type,const thrust::null_type,const thrust::null_type,const thrust::null_type>(T1 &,T2 &,T3 &,T4 &,T5 &,T6 &,T7 &,T8 &,T9 &,T10 &)' being compiled
                 with
                 [
                     T0=int
         ,            T1=const int
         ,            T2=const int
         ,            T3=const int
         ,            T4=const int
         ,            T5=const thrust::null_type
         ,            T6=const thrust::null_type
         ,            T7=const thrust::null_type
         ,            T8=const thrust::null_type
         ,            T9=const thrust::null_type
         ,            T10=const thrust::null_type
                 ]
                 C:\Program Files\NVIDIA GPU Computing Toolkit\CUDA\v7.5\include\thrust/tuple.h(268) : while compiling class template member function 'thrust::tuple<int,int,int,int,thrust::null_type,thrust::null_type,thrust::null_type,thrust::null_type,thrust::null_type,thrust::null_type>::tuple(const int &,const int &,const int &,const int &)'
                 C:\Program Files\NVIDIA GPU Computing Toolkit\CUDA\v7.5\include\thrust/detail/tuple.inl(662) : see reference to function template instantiation 'thrust::tuple<int,int,int,int,thrust::null_type,thrust::null_type,thrust::null_type,thrust::null_type,thrust::null_type,thrust::null_type>::tuple(const int &,const int &,const int &,const int &)' being compiled
                 C:\Program Files\NVIDIA GPU Computing Toolkit\CUDA\v7.5\include\thrust/system/cuda/detail/detail/stable_merge_sort.inl(131) : see reference to class template instantiation 'thrust::tuple<int,int,int,int,thrust::null_type,thrust::null_type,thrust::null_type,thrust::null_type,thrust::null_type,thrust::null_type>' being compiled
     1>C:\Program Files\NVIDIA GPU Computing Toolkit\CUDA\v7.5\include\thrust/system/cuda/detail/bulk/detail/cuda_launcher/cuda_launcher.hpp(155): warning C4267: 'return' : conversion from 'size_t' to 'int', possible loss of data
                 C:\Program Files\NVIDIA GPU Computing Toolkit\CUDA\v7.5\include\thrust/system/cuda/detail/bulk/detail/cuda_launcher/cuda_launcher.hpp(148) : while compiling class template member function 'int thrust::system::cuda::detail::bulk_::detail::cuda_launcher_base<0,thrust::system::cuda::detail::bulk_::parallel_group<thrust::system::cuda::detail::bulk_::concurrent_group<thrust::system::cuda::detail::bulk_::agent<0x01>,0x00>,0x00>,Closure>::choose_group_size(int)'
                 with
                 [
                     Closure=thrust::system::cuda::detail::bulk_::detail::closure<thrust::system::cuda::detail::for_each_n_detail::for_each_kernel,thrust::tuple<thrust::system::cuda::detail::bulk_::detail::cursor<0>,thrust::zip_iterator<thrust::tuple<thrust::counting_iterator<__int64,thrust::use_default,thrust::use_default,__int64>,thrust::detail::normal_iterator<thrust::pointer<unsigned int,thrust::system::cuda::detail::tag,thrust::use_default,thrust::use_default>>,thrust::null_type,thrust::null_type,thrust::null_type,thrust::null_type,thrust::null_type,thrust::null_type,thrust::null_type,thrust::null_type>>,thrust::detail::wrapped_function<thrust::detail::unary_transform_functor<thrust::system::cuda::detail::detail::stable_merge_sort_detail::locate_merge_path<thrust::device_ptr<float4>,unsigned int,OBCmp>>,void>,unsigned int,thrust::null_type,thrust::null_type,thrust::null_type,thrust::null_type,thrust::null_type,thrust::null_type>>
                 ]
                 C:\Program Files\NVIDIA GPU Computing Toolkit\CUDA\v7.5\include\thrust/system/cuda/detail/bulk/detail/cuda_launcher/cuda_launcher.hpp(305) : see reference to function template instantiation 'int thrust::system::cuda::detail::bulk_::detail::cuda_launcher_base<0,thrust::system::cuda::detail::bulk_::parallel_group<thrust::system::cuda::detail::bulk_::concurrent_group<thrust::system::cuda::detail::bulk_::agent<0x01>,0x00>,0x00>,Closure>::choose_group_size(int)' being compiled
                 with
                 [
                     Closure=thrust::system::cuda::detail::bulk_::detail::closure<thrust::system::cuda::detail::for_each_n_detail::for_each_kernel,thrust::tuple<thrust::system::cuda::detail::bulk_::detail::cursor<0>,thrust::zip_iterator<thrust::tuple<thrust::counting_iterator<__int64,thrust::use_default,thrust::use_default,__int64>,thrust::detail::normal_iterator<thrust::pointer<unsigned int,thrust::system::cuda::detail::tag,thrust::use_default,thrust::use_default>>,thrust::null_type,thrust::null_type,thrust::null_type,thrust::null_type,thrust::null_type,thrust::null_type,thrust::null_type,thrust::null_type>>,thrust::detail::wrapped_function<thrust::detail::unary_transform_functor<thrust::system::cuda::detail::detail::stable_merge_sort_detail::locate_merge_path<thrust::device_ptr<float4>,unsigned int,OBCmp>>,void>,unsigned int,thrust::null_type,thrust::null_type,thrust::null_type,thrust::null_type,thrust::null_type,thrust::null_type>>
                 ]
                 C:\Program Files\NVIDIA GPU Computing Toolkit\CUDA\v7.5\include\thrust/system/cuda/detail/bulk/detail/cuda_launcher/cuda_launcher.hpp(228) : see reference to class template instantiation 'thrust::system::cuda::detail::bulk_::detail::cuda_launcher_base<0,thrust::system::cuda::detail::bulk_::parallel_group<thrust::system::cuda::detail::bulk_::concurrent_group<thrust::system::cuda::detail::bulk_::agent<0x01>,0x00>,0x00>,Closure>' being compiled
                 with
                 [
                     Closure=thrust::system::cuda::detail::bulk_::detail::closure<thrust::system::cuda::detail::for_each_n_detail::for_each_kernel,thrust::tuple<thrust::system::cuda::detail::bulk_::detail::cursor<0>,thrust::zip_iterator<thrust::tuple<thrust::counting_iterator<__int64,thrust::use_default,thrust::use_default,__int64>,thrust::detail::normal_iterator<thrust::pointer<unsigned int,thrust::system::cuda::detail::tag,thrust::use_default,thrust::use_default>>,thrust::null_type,thrust::null_type,thrust::null_type,thrust::null_type,thrust::null_type,thrust::null_type,thrust::null_type,thrust::null_type>>,thrust::detail::wrapped_function<thrust::detail::unary_transform_functor<thrust::system::cuda::detail::detail::stable_merge_sort_detail::locate_merge_path<thrust::device_ptr<float4>,unsigned int,OBCmp>>,void>,unsigned int,thrust::null_type,thrust::null_type,thrust::null_type,thrust::null_type,thrust::null_type,thrust::null_type>>
                 ]
                 C:\Program Files\NVIDIA GPU Computing Toolkit\CUDA\v7.5\include\thrust/system/cuda/detail/bulk/detail/choose_sizes.inl(41) : see reference to class template instantiation 'thrust::system::cuda::detail::bulk_::detail::cuda_launcher<thrust::system::cuda::detail::bulk_::parallel_group<thrust::system::cuda::detail::bulk_::concurrent_group<thrust::system::cuda::detail::bulk_::agent<0x01>,0x00>,0x00>,Closure>' being compiled
                 with
                 [
                     Closure=thrust::system::cuda::detail::bulk_::detail::closure<thrust::system::cuda::detail::for_each_n_detail::for_each_kernel,thrust::tuple<thrust::system::cuda::detail::bulk_::detail::cursor<0>,thrust::zip_iterator<thrust::tuple<thrust::counting_iterator<__int64,thrust::use_default,thrust::use_default,__int64>,thrust::detail::normal_iterator<thrust::pointer<unsigned int,thrust::system::cuda::detail::tag,thrust::use_default,thrust::use_default>>,thrust::null_type,thrust::null_type,thrust::null_type,thrust::null_type,thrust::null_type,thrust::null_type,thrust::null_type,thrust::null_type>>,thrust::detail::wrapped_function<thrust::detail::unary_transform_functor<thrust::system::cuda::detail::detail::stable_merge_sort_detail::locate_merge_path<thrust::device_ptr<float4>,unsigned int,OBCmp>>,void>,unsigned int,thrust::null_type,thrust::null_type,thrust::null_type,thrust::null_type,thrust::null_type,thrust::null_type>>
                 ]
                 C:\Program Files\NVIDIA GPU Computing Toolkit\CUDA\v7.5\include\thrust/system/cuda/detail/bulk/detail/choose_sizes.inl(96) : see reference to function template instantiation 'thrust::pair<int,int> thrust::system::cuda::detail::bulk_::detail::choose_sizes<thrust::system::cuda::detail::bulk_::detail::closure<thrust::system::cuda::detail::for_each_n_detail::for_each_kernel,thrust::tuple<thrust::system::cuda::detail::bulk_::detail::cursor<0>,thrust::zip_iterator<thrust::tuple<thrust::counting_iterator<__int64,thrust::use_default,thrust::use_default,__int64>,thrust::detail::normal_iterator<thrust::pointer<unsigned int,thrust::system::cuda::detail::tag,thrust::use_default,thrust::use_default>>,thrust::null_type,thrust::null_type,thrust::null_type,thrust::null_type,thrust::null_type,thrust::null_type,thrust::null_type,thrust::null_type>>,thrust::detail::wrapped_function<thrust::detail::unary_transform_functor<thrust::system::cuda::detail::detail::stable_merge_sort_detail::locate_merge_path<thrust::device_ptr<float4>,unsigned int,OBCmp>>,void>,unsigned int,thrust::null_type,thrust::null_type,thrust::null_type,thrust::null_type,thrust::null_type,thrust::null_type>>>(thrust::system::cuda::detail::bulk_::parallel_group<thrust::system::cuda::detail::bulk_::concurrent_group<thrust::system::cuda::detail::bulk_::agent<0x01>,0x00>,0x00>,Closure)' being compiled
                 with
                 [
                     Closure=thrust::system::cuda::detail::bulk_::detail::closure<thrust::system::cuda::detail::for_each_n_detail::for_each_kernel,thrust::tuple<thrust::system::cuda::detail::bulk_::detail::cursor<0>,thrust::zip_iterator<thrust::tuple<thrust::counting_iterator<__int64,thrust::use_default,thrust::use_default,__int64>,thrust::detail::normal_iterator<thrust::pointer<unsigned int,thrust::system::cuda::detail::tag,thrust::use_default,thrust::use_default>>,thrust::null_type,thrust::null_type,thrust::null_type,thrust::null_type,thrust::null_type,thrust::null_type,thrust::null_type,thrust::null_type>>,thrust::detail::wrapped_function<thrust::detail::unary_transform_functor<thrust::system::cuda::detail::detail::stable_merge_sort_detail::locate_merge_path<thrust::device_ptr<float4>,unsigned int,OBCmp>>,void>,unsigned int,thrust::null_type,thrust::null_type,thrust::null_type,thrust::null_type,thrust::null_type,thrust::null_type>>
                 ]
                 C:\Program Files\NVIDIA GPU Computing Toolkit\CUDA\v7.5\include\thrust/system/cuda/detail/for_each.inl(125) : see reference to function template instantiation 'thrust::pair<int,int> thrust::system::cuda::detail::bulk_::choose_sizes<thrust::system::cuda::detail::for_each_n_detail::for_each_kernel,thrust::system::cuda::detail::bulk_::detail::cursor<0>,RandomAccessIterator,thrust::detail::wrapped_function<thrust::detail::unary_transform_functor<thrust::system::cuda::detail::detail::stable_merge_sort_detail::locate_merge_path<thrust::device_ptr<float4>,unsigned int,OBCmp>>,void>,unsigned int>(thrust::system::cuda::detail::bulk_::parallel_group<thrust::system::cuda::detail::bulk_::concurrent_group<thrust::system::cuda::detail::bulk_::agent<0x01>,0x00>,0x00>,Function,Arg1,Arg2,Arg3,Arg4)' being compiled
                 with
                 [
                     RandomAccessIterator=thrust::zip_iterator<thrust::tuple<thrust::counting_iterator<__int64,thrust::use_default,thrust::use_default,__int64>,thrust::detail::normal_iterator<thrust::pointer<unsigned int,thrust::system::cuda::detail::tag,thrust::use_default,thrust::use_default>>,thrust::null_type,thrust::null_type,thrust::null_type,thrust::null_type,thrust::null_type,thrust::null_type,thrust::null_type,thrust::null_type>>
         ,            Function=thrust::system::cuda::detail::for_each_n_detail::for_each_kernel
         ,            Arg1=thrust::system::cuda::detail::bulk_::detail::cursor<0>
         ,            Arg2=thrust::zip_iterator<thrust::tuple<thrust::counting_iterator<__int64,thrust::use_default,thrust::use_default,__int64>,thrust::detail::normal_iterator<thrust::pointer<unsigned int,thrust::system::cuda::detail::tag,thrust::use_default,thrust::use_default>>,thrust::null_type,thrust::null_type,thrust::null_type,thrust::null_type,thrust::null_type,thrust::null_type,thrust::null_type,thrust::null_type>>
         ,            Arg3=thrust::detail::wrapped_function<thrust::detail::unary_transform_functor<thrust::system::cuda::detail::detail::stable_merge_sort_detail::locate_merge_path<thrust::device_ptr<float4>,unsigned int,OBCmp>>,void>
         ,            Arg4=unsigned int
                 ]
                 C:\Program Files\NVIDIA GPU Computing Toolkit\CUDA\v7.5\include\thrust/iterator/iterator_facade.h(379) : while compiling class template member function 'thrust::pointer<T,System,thrust::use_default,thrust::use_default> &thrust::iterator_facade<Derived,float4,System,thrust::random_access_traversal_tag,thrust::reference<Element,thrust::pointer<Element,System,thrust::use_default,thrust::use_default>,thrust::use_default>,__int64>::operator +=(__int64)'
                 with
                 [
                     T=float4
         ,            System=thrust::detail::seq_t
         ,            Derived=thrust::pointer<float4,thrust::detail::seq_t,thrust::use_default,thrust::use_default>
         ,            Element=float4
                 ]
                 C:\Program Files\NVIDIA GPU Computing Toolkit\CUDA\v7.5\include\thrust/iterator/iterator_adaptor.h(203) : see reference to function template instantiation 'thrust::pointer<T,System,thrust::use_default,thrust::use_default> &thrust::iterator_facade<Derived,float4,System,thrust::random_access_traversal_tag,thrust::reference<Element,thrust::pointer<Element,System,thrust::use_default,thrust::use_default>,thrust::use_default>,__int64>::operator +=(__int64)' being compiled
                 with
                 [
                     T=float4
         ,            System=thrust::detail::seq_t
         ,            Derived=thrust::pointer<float4,thrust::detail::seq_t,thrust::use_default,thrust::use_default>
         ,            Element=float4
                 ]
                 C:\Program Files\NVIDIA GPU Computing Toolkit\CUDA\v7.5\include\thrust/iterator/iterator_adaptor.h(121) : see reference to class template instantiation 'thrust::iterator_facade<Derived,float4,thrust::detail::seq_t,thrust::random_access_traversal_tag,thrust::reference<Element,thrust::pointer<Element,System,thrust::use_default,thrust::use_default>,thrust::use_default>,__int64>' being compiled
                 with
                 [
                     Derived=thrust::pointer<float4,thrust::detail::seq_t,thrust::use_default,thrust::use_default>
         ,            Element=float4
         ,            System=thrust::detail::seq_t
                 ]
                 C:\Program Files\NVIDIA GPU Computing Toolkit\CUDA\v7.5\include\thrust/detail/pointer.h(122) : see reference to class template instantiation 'thrust::iterator_adaptor<thrust::pointer<T,System,thrust::use_default,thrust::use_default>,Element *,float4,System,thrust::random_access_traversal_tag,thrust::reference<Element,thrust::pointer<Element,System,thrust::use_default,thrust::use_default>,thrust::use_default>,__int64>' being compiled
                 with
                 [
                     T=float4
         ,            System=thrust::detail::seq_t
         ,            Element=float4
                 ]
                 C:\Program Files\NVIDIA GPU Computing Toolkit\CUDA\v7.5\include\thrust/detail/type_traits/pointer_traits.h(72) : see reference to class template instantiation 'thrust::pointer<T,System,thrust::use_default,thrust::use_default>' being compiled
                 with
                 [
                     T=float4
         ,            System=thrust::detail::seq_t
                 ]
                 C:\Program Files\NVIDIA GPU Computing Toolkit\CUDA\v7.5\include\thrust/detail/type_traits/pointer_traits.h(178) : see reference to class template instantiation 'thrust::detail::pointer_difference<Ptr>' being compiled
                 with
                 [
                     Ptr=thrust::pointer<float4,thrust::detail::seq_t,thrust::use_default,thrust::use_default>
                 ]
                 C:\Program Files\NVIDIA GPU Computing Toolkit\CUDA\v7.5\include\thrust/detail/allocator/tagged_allocator.h(53) : see reference to class template instantiation 'thrust::detail::pointer_traits<Pointer>' being compiled
                 with
                 [
                     Pointer=thrust::pointer<float4,thrust::detail::seq_t,thrust::use_default,thrust::use_default>
                 ]
                 C:\Program Files\NVIDIA GPU Computing Toolkit\CUDA\v7.5\include\thrust/detail/allocator/temporary_allocator.h(36) : see reference to class template instantiation 'thrust::detail::tagged_allocator<T,System,thrust::pointer<T,System,thrust::use_default,thrust::use_default>>' being compiled
                 with
                 [
                     T=float4
         ,            System=thrust::detail::seq_t
                 ]
                 C:\Program Files\NVIDIA GPU Computing Toolkit\CUDA\v7.5\include\thrust/detail/allocator/no_throw_allocator.h(27) : see reference to class template instantiation 'thrust::detail::temporary_allocator<T,System>' being compiled
                 with
                 [
                     T=float4
         ,            System=thrust::detail::seq_t
                 ]
                 C:\Program Files\NVIDIA GPU Computing Toolkit\CUDA\v7.5\include\thrust/detail/allocator/allocator_traits.h(145) : see reference to class template instantiation 'thrust::detail::no_throw_allocator<thrust::detail::temporary_allocator<T,System>>' being compiled
                 with
                 [
                     T=float4
         ,            System=thrust::detail::seq_t
                 ]
                 C:\Program Files\NVIDIA GPU Computing Toolkit\CUDA\v7.5\include\thrust/detail/contiguous_storage.h(39) : see reference to class template instantiation 'thrust::detail::allocator_traits<Alloc>' being compiled
                 with
                 [
                     Alloc=thrust::detail::no_throw_allocator<thrust::detail::temporary_allocator<float4,thrust::detail::seq_t>>
                 ]
                 C:\Program Files\NVIDIA GPU Computing Toolkit\CUDA\v7.5\include\thrust/detail/temporary_array.h(38) : see reference to class template instantiation 'thrust::detail::contiguous_storage<T,thrust::detail::no_throw_allocator<thrust::detail::temporary_allocator<T,System>>>' being compiled
                 with
                 [
                     T=float4
         ,            System=thrust::detail::seq_t
                 ]
                 C:\Program Files\NVIDIA GPU Computing Toolkit\CUDA\v7.5\include\thrust/system/detail/sequential/stable_merge_sort.inl(48) : see reference to class template instantiation 'thrust::detail::temporary_array<float4,DerivedPolicy>' being compiled
                 with
                 [
                     DerivedPolicy=thrust::detail::seq_t
                 ]
                 C:\Program Files\NVIDIA GPU Computing Toolkit\CUDA\v7.5\include\thrust/system/detail/sequential/stable_merge_sort.inl(312) : see reference to function template instantiation 'void thrust::system::detail::sequential::stable_merge_sort_detail::inplace_merge<thrust::detail::seq_t,RandomAccessIterator,StrictWeakOrdering>(thrust::system::detail::sequential::execution_policy<thrust::detail::seq_t> &,RandomAccessIterator,RandomAccessIterator,RandomAccessIterator,StrictWeakOrdering)' being compiled
                 with
                 [
                     RandomAccessIterator=thrust::device_ptr<float4>
         ,            StrictWeakOrdering=OBCmp
                 ]
                 C:\Program Files\NVIDIA GPU Computing Toolkit\CUDA\v7.5\include\thrust/system/detail/sequential/stable_merge_sort.inl(360) : see reference to function template instantiation 'void thrust::system::detail::sequential::stable_merge_sort_detail::recursive_stable_merge_sort<thrust::detail::seq_t,RandomAccessIterator,StrictWeakOrdering>(thrust::system::detail::sequential::execution_policy<thrust::detail::seq_t> &,RandomAccessIterator,RandomAccessIterator,StrictWeakOrdering)' being compiled
                 with
                 [
                     RandomAccessIterator=thrust::device_ptr<float4>
         ,            StrictWeakOrdering=OBCmp
                 ]
                 C:\Program Files\NVIDIA GPU Computing Toolkit\CUDA\v7.5\include\thrust/system/detail/sequential/sort.inl(119) : see reference to function template instantiation 'void thrust::system::detail::sequential::stable_merge_sort<thrust::detail::seq_t,RandomAccessIterator,StrictWeakOrdering>(thrust::system::detail::sequential::execution_policy<thrust::detail::seq_t> &,RandomAccessIterator,RandomAccessIterator,StrictWeakOrdering)' being compiled
                 with
                 [
                     RandomAccessIterator=thrust::device_ptr<float4>
         ,            StrictWeakOrdering=OBCmp
                 ]
                 C:\Program Files\NVIDIA GPU Computing Toolkit\CUDA\v7.5\include\thrust/system/detail/sequential/sort.inl(172) : see reference to function template instantiation 'void thrust::system::detail::sequential::sort_detail::stable_sort<thrust::detail::seq_t,RandomAccessIterator,StrictWeakOrdering>(thrust::system::detail::sequential::execution_policy<thrust::detail::seq_t> &,RandomAccessIterator,RandomAccessIterator,StrictWeakOrdering,thrust::detail::false_type)' being compiled
                 with
                 [
                     RandomAccessIterator=thrust::device_ptr<float4>
         ,            StrictWeakOrdering=OBCmp
                 ]
                 C:\Program Files\NVIDIA GPU Computing Toolkit\CUDA\v7.5\include\thrust/detail/sort.inl(83) : see reference to function template instantiation 'void thrust::system::detail::sequential::stable_sort<thrust::detail::seq_t,RandomAccessIterator,StrictWeakOrdering>(thrust::system::detail::sequential::execution_policy<thrust::detail::seq_t> &,RandomAccessIterator,RandomAccessIterator,StrictWeakOrdering)' being compiled
                 with
                 [
                     RandomAccessIterator=thrust::device_ptr<float4>
         ,            StrictWeakOrdering=OBCmp
                 ]
                 C:\Program Files\NVIDIA GPU Computing Toolkit\CUDA\v7.5\include\thrust/system/detail/generic/sort.inl(63) : see reference to function template instantiation 'void thrust::stable_sort<DerivedPolicy,RandomAccessIterator,StrictWeakOrdering>(const thrust::detail::execution_policy_base<DerivedPolicy> &,RandomAccessIterator,RandomAccessIterator,StrictWeakOrdering)' being compiled
                 with
                 [
                     DerivedPolicy=thrust::detail::seq_t
         ,            RandomAccessIterator=thrust::device_ptr<float4>
         ,            StrictWeakOrdering=OBCmp
                 ]
                 C:\Program Files\NVIDIA GPU Computing Toolkit\CUDA\v7.5\include\thrust/detail/sort.inl(56) : see reference to function template instantiation 'void thrust::system::detail::generic::sort<Derived,RandomAccessIterator,StrictWeakOrdering>(thrust::execution_policy<Derived> &,RandomAccessIterator,RandomAccessIterator,StrictWeakOrdering)' being compiled
                 with
                 [
                     Derived=thrust::detail::seq_t
         ,            RandomAccessIterator=thrust::device_ptr<float4>
         ,            StrictWeakOrdering=OBCmp
                 ]
                 C:\Program Files\NVIDIA GPU Computing Toolkit\CUDA\v7.5\include\thrust/system/cuda/detail/sort.inl(221) : see reference to function template instantiation 'void thrust::sort<DerivedPolicy,RandomAccessIterator,StrictWeakOrdering>(const thrust::detail::execution_policy_base<DerivedPolicy> &,RandomAccessIterator,RandomAccessIterator,StrictWeakOrdering)' being compiled
                 with
                 [
                     DerivedPolicy=thrust::detail::seq_t
         ,            RandomAccessIterator=thrust::device_ptr<float4>
         ,            StrictWeakOrdering=OBCmp
                 ]
     1>C:\Program Files\NVIDIA GPU Computing Toolkit\CUDA\v7.5\include\thrust/system/cuda/detail/bulk/detail/cuda_launcher/cuda_launcher.hpp(85): warning C4267: 'return' : conversion from 'size_t' to 'int', possible loss of data
                 C:\Program Files\NVIDIA GPU Computing Toolkit\CUDA\v7.5\include\thrust/system/cuda/detail/bulk/detail/cuda_launcher/cuda_launcher.hpp(84) : while compiling class template member function 'int thrust::system::cuda::detail::bulk_::detail::cuda_launcher_base<0,thrust::system::cuda::detail::bulk_::parallel_group<thrust::system::cuda::detail::bulk_::concurrent_group<thrust::system::cuda::detail::bulk_::agent<0x01>,0x00>,0x00>,Closure>::max_active_blocks_per_multiprocessor(const thrust::system::cuda::detail::bulk_::detail::device_properties_t &,const thrust::system::cuda::detail::bulk_::detail::function_attributes_t &,int,int)'
                 with
                 [
                     Closure=thrust::system::cuda::detail::bulk_::detail::closure<thrust::system::cuda::detail::for_each_n_detail::for_each_kernel,thrust::tuple<thrust::system::cuda::detail::bulk_::detail::cursor<0>,thrust::zip_iterator<thrust::tuple<thrust::counting_iterator<__int64,thrust::use_default,thrust::use_default,__int64>,thrust::detail::normal_iterator<thrust::pointer<unsigned int,thrust::system::cuda::detail::tag,thrust::use_default,thrust::use_default>>,thrust::null_type,thrust::null_type,thrust::null_type,thrust::null_type,thrust::null_type,thrust::null_type,thrust::null_type,thrust::null_type>>,thrust::detail::wrapped_function<thrust::detail::unary_transform_functor<thrust::system::cuda::detail::detail::stable_merge_sort_detail::locate_merge_path<thrust::device_ptr<float4>,unsigned int,OBCmp>>,void>,unsigned int,thrust::null_type,thrust::null_type,thrust::null_type,thrust::null_type,thrust::null_type,thrust::null_type>>
                 ]
                 C:\Program Files\NVIDIA GPU Computing Toolkit\CUDA\v7.5\include\thrust/system/cuda/detail/bulk/detail/cuda_launcher/cuda_launcher.hpp(96) : see reference to function template instantiation 'int thrust::system::cuda::detail::bulk_::detail::cuda_launcher_base<0,thrust::system::cuda::detail::bulk_::parallel_group<thrust::system::cuda::detail::bulk_::concurrent_group<thrust::system::cuda::detail::bulk_::agent<0x01>,0x00>,0x00>,Closure>::max_active_blocks_per_multiprocessor(const thrust::system::cuda::detail::bulk_::detail::device_properties_t &,const thrust::system::cuda::detail::bulk_::detail::function_attributes_t &,int,int)' being compiled
                 with
                 [
                     Closure=thrust::system::cuda::detail::bulk_::detail::closure<thrust::system::cuda::detail::for_each_n_detail::for_each_kernel,thrust::tuple<thrust::system::cuda::detail::bulk_::detail::cursor<0>,thrust::zip_iterator<thrust::tuple<thrust::counting_iterator<__int64,thrust::use_default,thrust::use_default,__int64>,thrust::detail::normal_iterator<thrust::pointer<unsigned int,thrust::system::cuda::detail::tag,thrust::use_default,thrust::use_default>>,thrust::null_type,thrust::null_type,thrust::null_type,thrust::null_type,thrust::null_type,thrust::null_type,thrust::null_type,thrust::null_type>>,thrust::detail::wrapped_function<thrust::detail::unary_transform_functor<thrust::system::cuda::detail::detail::stable_merge_sort_detail::locate_merge_path<thrust::device_ptr<float4>,unsigned int,OBCmp>>,void>,unsigned int,thrust::null_type,thrust::null_type,thrust::null_type,thrust::null_type,thrust::null_type,thrust::null_type>>
                 ]
     1>C:\Program Files\NVIDIA GPU Computing Toolkit\CUDA\v7.5\include\thrust/detail/internal_functional.h(322): warning C4244: '=' : conversion from '__int64' to 'unsigned int', possible loss of data
                 C:\Program Files\NVIDIA GPU Computing Toolkit\CUDA\v7.5\include\thrust/detail/function.h(60) : see reference to function template instantiation 'void thrust::detail::unary_transform_functor<thrust::system::cuda::detail::detail::stable_merge_sort_detail::locate_merge_path<thrust::device_ptr<float4>,unsigned int,OBCmp>>::operator ()<thrust::detail::tuple_of_iterator_references<__int64,unsigned int &,thrust::null_type,thrust::null_type,thrust::null_type,thrust::null_type,thrust::null_type,thrust::null_type,thrust::null_type,thrust::null_type>>(Tuple)' being compiled
                 with
                 [
                     Tuple=thrust::detail::tuple_of_iterator_references<__int64,unsigned int &,thrust::null_type,thrust::null_type,thrust::null_type,thrust::null_type,thrust::null_type,thrust::null_type,thrust::null_type,thrust::null_type>
                 ]
                 C:\Program Files\NVIDIA GPU Computing Toolkit\CUDA\v7.5\include\thrust/detail/function.h(60) : see reference to function template instantiation 'void thrust::detail::unary_transform_functor<thrust::system::cuda::detail::detail::stable_merge_sort_detail::locate_merge_path<thrust::device_ptr<float4>,unsigned int,OBCmp>>::operator ()<thrust::detail::tuple_of_iterator_references<__int64,unsigned int &,thrust::null_type,thrust::null_type,thrust::null_type,thrust::null_type,thrust::null_type,thrust::null_type,thrust::null_type,thrust::null_type>>(Tuple)' being compiled
                 with
                 [
                     Tuple=thrust::detail::tuple_of_iterator_references<__int64,unsigned int &,thrust::null_type,thrust::null_type,thrust::null_type,thrust::null_type,thrust::null_type,thrust::null_type,thrust::null_type,thrust::null_type>
                 ]
                 C:\Program Files\NVIDIA GPU Computing Toolkit\CUDA\v7.5\include\thrust/system/detail/sequential/for_each.h(83) : see reference to function template instantiation 'Result thrust::detail::wrapped_function<thrust::detail::unary_transform_functor<thrust::system::cuda::detail::detail::stable_merge_sort_detail::locate_merge_path<thrust::device_ptr<float4>,unsigned int,OBCmp>>,Result>::operator ()<thrust::detail::tuple_of_iterator_references<__int64,thrust::reference<Element,thrust::pointer<Element,thrust::system::cuda::detail::tag,thrust::use_default,thrust::use_default>,thrust::use_default>,thrust::null_type,thrust::null_type,thrust::null_type,thrust::null_type,thrust::null_type,thrust::null_type,thrust::null_type,thrust::null_type>>(const Argument &) const' being compiled
                 with
                 [
                     Result=void
         ,            Element=unsigned int
         ,            Argument=thrust::detail::tuple_of_iterator_references<__int64,thrust::reference<unsigned int,thrust::pointer<unsigned int,thrust::system::cuda::detail::tag,thrust::use_default,thrust::use_default>,thrust::use_default>,thrust::null_type,thrust::null_type,thrust::null_type,thrust::null_type,thrust::null_type,thrust::null_type,thrust::null_type,thrust::null_type>
                 ]
                 C:\Program Files\NVIDIA GPU Computing Toolkit\CUDA\v7.5\include\thrust/system/detail/sequential/for_each.h(83) : see reference to function template instantiation 'Result thrust::detail::wrapped_function<thrust::detail::unary_transform_functor<thrust::system::cuda::detail::detail::stable_merge_sort_detail::locate_merge_path<thrust::device_ptr<float4>,unsigned int,OBCmp>>,Result>::operator ()<thrust::detail::tuple_of_iterator_references<__int64,thrust::reference<Element,thrust::pointer<Element,thrust::system::cuda::detail::tag,thrust::use_default,thrust::use_default>,thrust::use_default>,thrust::null_type,thrust::null_type,thrust::null_type,thrust::null_type,thrust::null_type,thrust::null_type,thrust::null_type,thrust::null_type>>(const Argument &) const' being compiled
                 with
                 [
                     Result=void
         ,            Element=unsigned int
         ,            Argument=thrust::detail::tuple_of_iterator_references<__int64,thrust::reference<unsigned int,thrust::pointer<unsigned int,thrust::system::cuda::detail::tag,thrust::use_default,thrust::use_default>,thrust::use_default>,thrust::null_type,thrust::null_type,thrust::null_type,thrust::null_type,thrust::null_type,thrust::null_type,thrust::null_type,thrust::null_type>
                 ]
                 C:\Program Files\NVIDIA GPU Computing Toolkit\CUDA\v7.5\include\thrust/detail/for_each.inl(71) : see reference to function template instantiation 'InputIterator thrust::system::detail::sequential::for_each_n<thrust::detail::seq_t,InputIterator,Size,UnaryFunction>(thrust::system::detail::sequential::execution_policy<thrust::detail::seq_t> &,InputIterator,Size,UnaryFunction)' being compiled
                 with
                 [
                     InputIterator=thrust::zip_iterator<thrust::tuple<thrust::counting_iterator<__int64,thrust::use_default,thrust::use_default,__int64>,thrust::detail::normal_iterator<thrust::pointer<unsigned int,thrust::system::cuda::detail::tag,thrust::use_default,thrust::use_default>>,thrust::null_type,thrust::null_type,thrust::null_type,thrust::null_type,thrust::null_type,thrust::null_type,thrust::null_type,thrust::null_type>>
         ,            Size=__int64
         ,            UnaryFunction=thrust::detail::unary_transform_functor<thrust::system::cuda::detail::detail::stable_merge_sort_detail::locate_merge_path<thrust::device_ptr<float4>,unsigned int,OBCmp>>
                 ]
                 C:\Program Files\NVIDIA GPU Computing Toolkit\CUDA\v7.5\include\thrust/system/cuda/detail/for_each.inl(152) : see reference to function template instantiation 'InputIterator thrust::for_each_n<DerivedPolicy,RandomAccessIterator,Size,UnaryFunction>(const thrust::detail::execution_policy_base<DerivedPolicy> &,InputIterator,Size,UnaryFunction)' being compiled
                 with
                 [
                     InputIterator=thrust::zip_iterator<thrust::tuple<thrust::counting_iterator<__int64,thrust::use_default,thrust::use_default,__int64>,thrust::detail::normal_iterator<thrust::pointer<unsigned int,thrust::system::cuda::detail::tag,thrust::use_default,thrust::use_default>>,thrust::null_type,thrust::null_type,thrust::null_type,thrust::null_type,thrust::null_type,thrust::null_type,thrust::null_type,thrust::null_type>>
         ,            DerivedPolicy=thrust::detail::seq_t
         ,            RandomAccessIterator=thrust::zip_iterator<thrust::tuple<thrust::counting_iterator<__int64,thrust::use_default,thrust::use_default,__int64>,thrust::detail::normal_iterator<thrust::pointer<unsigned int,thrust::system::cuda::detail::tag,thrust::use_default,thrust::use_default>>,thrust::null_type,thrust::null_type,thrust::null_type,thrust::null_type,thrust::null_type,thrust::null_type,thrust::null_type,thrust::null_type>>
         ,            Size=__int64
         ,            UnaryFunction=thrust::detail::unary_transform_functor<thrust::system::cuda::detail::detail::stable_merge_sort_detail::locate_merge_path<thrust::device_ptr<float4>,unsigned int,OBCmp>>
                 ]
     1>C:\Program Files\NVIDIA GPU Computing Toolkit\CUDA\v7.5\include\thrust/detail/pair.inl(46): warning C4267: 'initializing' : conversion from 'size_t' to 'int', possible loss of data
                 C:\Program Files\NVIDIA GPU Computing Toolkit\CUDA\v7.5\include\thrust/system/cuda/detail/bulk/detail/cuda_launcher/cuda_launcher.hpp(101) : see reference to function template instantiation 'thrust::pair<int,int>::pair<size_t,int>(const thrust::pair<size_t,int> &)' being compiled
                 C:\Program Files\NVIDIA GPU Computing Toolkit\CUDA\v7.5\include\thrust/system/cuda/detail/bulk/detail/cuda_launcher/cuda_launcher.hpp(101) : see reference to function template instantiation 'thrust::pair<int,int>::pair<size_t,int>(const thrust::pair<size_t,int> &)' being compiled
                 C:\Program Files\NVIDIA GPU Computing Toolkit\CUDA\v7.5\include\thrust/system/cuda/detail/bulk/detail/cuda_launcher/cuda_launcher.hpp(94) : while compiling class template member function 'thrust::pair<int,int> thrust::system::cuda::detail::bulk_::detail::cuda_launcher_base<0,thrust::system::cuda::detail::bulk_::parallel_group<thrust::system::cuda::detail::bulk_::concurrent_group<thrust::system::cuda::detail::bulk_::agent<0x01>,0x00>,0x00>,Closure>::dynamic_smem_occupancy_limit(const thrust::system::cuda::detail::bulk_::detail::device_properties_t &,const thrust::system::cuda::detail::bulk_::detail::function_attributes_t &,int,int)'
                 with
                 [
                     Closure=thrust::system::cuda::detail::bulk_::detail::closure<thrust::system::cuda::detail::for_each_n_detail::for_each_kernel,thrust::tuple<thrust::system::cuda::detail::bulk_::detail::cursor<0>,thrust::zip_iterator<thrust::tuple<thrust::counting_iterator<__int64,thrust::use_default,thrust::use_default,__int64>,thrust::detail::normal_iterator<thrust::pointer<unsigned int,thrust::system::cuda::detail::tag,thrust::use_default,thrust::use_default>>,thrust::null_type,thrust::null_type,thrust::null_type,thrust::null_type,thrust::null_type,thrust::null_type,thrust::null_type,thrust::null_type>>,thrust::detail::wrapped_function<thrust::detail::unary_transform_functor<thrust::system::cuda::detail::detail::stable_merge_sort_detail::locate_merge_path<thrust::device_ptr<float4>,unsigned int,OBCmp>>,void>,unsigned int,thrust::null_type,thrust::null_type,thrust::null_type,thrust::null_type,thrust::null_type,thrust::null_type>>
                 ]
                 C:\Program Files\NVIDIA GPU Computing Toolkit\CUDA\v7.5\include\thrust/system/cuda/detail/bulk/detail/cuda_launcher/cuda_launcher.hpp(119) : see reference to function template instantiation 'thrust::pair<int,int> thrust::system::cuda::detail::bulk_::detail::cuda_launcher_base<0,thrust::system::cuda::detail::bulk_::parallel_group<thrust::system::cuda::detail::bulk_::concurrent_group<thrust::system::cuda::detail::bulk_::agent<0x01>,0x00>,0x00>,Closure>::dynamic_smem_occupancy_limit(const thrust::system::cuda::detail::bulk_::detail::device_properties_t &,const thrust::system::cuda::detail::bulk_::detail::function_attributes_t &,int,int)' being compiled
                 with
                 [
                     Closure=thrust::system::cuda::detail::bulk_::detail::closure<thrust::system::cuda::detail::for_each_n_detail::for_each_kernel,thrust::tuple<thrust::system::cuda::detail::bulk_::detail::cursor<0>,thrust::zip_iterator<thrust::tuple<thrust::counting_iterator<__int64,thrust::use_default,thrust::use_default,__int64>,thrust::detail::normal_iterator<thrust::pointer<unsigned int,thrust::system::cuda::detail::tag,thrust::use_default,thrust::use_default>>,thrust::null_type,thrust::null_type,thrust::null_type,thrust::null_type,thrust::null_type,thrust::null_type,thrust::null_type,thrust::null_type>>,thrust::detail::wrapped_function<thrust::detail::unary_transform_functor<thrust::system::cuda::detail::detail::stable_merge_sort_detail::locate_merge_path<thrust::device_ptr<float4>,unsigned int,OBCmp>>,void>,unsigned int,thrust::null_type,thrust::null_type,thrust::null_type,thrust::null_type,thrust::null_type,thrust::null_type>>
                 ]
     1>C:\Program Files\NVIDIA GPU Computing Toolkit\CUDA\v7.5\include\thrust/system/cuda/detail/detail/stable_merge_sort.inl(327): warning C4244: 'argument' : conversion from '__int64' to 'const unsigned int', possible loss of data
                 C:\Program Files\NVIDIA GPU Computing Toolkit\CUDA\v7.5\include\thrust/detail/internal_functional.h(322) : see reference to function template instantiation 'Index thrust::system::cuda::detail::detail::stable_merge_sort_detail::locate_merge_path<thrust::device_ptr<float4>,unsigned int,OBCmp>::operator ()<T>(Index)' being compiled
                 with
                 [
                     Index=__int64
         ,            T=__int64
                 ]
                 C:\Program Files\NVIDIA GPU Computing Toolkit\CUDA\v7.5\include\thrust/detail/internal_functional.h(322) : see reference to function template instantiation 'Index thrust::system::cuda::detail::detail::stable_merge_sort_detail::locate_merge_path<thrust::device_ptr<float4>,unsigned int,OBCmp>::operator ()<T>(Index)' being compiled
                 with
                 [
                     Index=__int64
         ,            T=__int64
                 ]
                 C:\Program Files\NVIDIA GPU Computing Toolkit\CUDA\v7.5\include\thrust/detail/function.h(60) : see reference to function template instantiation 'void thrust::detail::unary_transform_functor<thrust::system::cuda::detail::detail::stable_merge_sort_detail::locate_merge_path<thrust::device_ptr<float4>,unsigned int,OBCmp>>::operator ()<thrust::detail::tuple_of_iterator_references<__int64,unsigned int &,thrust::null_type,thrust::null_type,thrust::null_type,thrust::null_type,thrust::null_type,thrust::null_type,thrust::null_type,thrust::null_type>>(Tuple)' being compiled
                 with
                 [
                     Tuple=thrust::detail::tuple_of_iterator_references<__int64,unsigned int &,thrust::null_type,thrust::null_type,thrust::null_type,thrust::null_type,thrust::null_type,thrust::null_type,thrust::null_type,thrust::null_type>
                 ]
                 C:\Program Files\NVIDIA GPU Computing Toolkit\CUDA\v7.5\include\thrust/detail/function.h(60) : see reference to function template instantiation 'void thrust::detail::unary_transform_functor<thrust::system::cuda::detail::detail::stable_merge_sort_detail::locate_merge_path<thrust::device_ptr<float4>,unsigned int,OBCmp>>::operator ()<thrust::detail::tuple_of_iterator_references<__int64,unsigned int &,thrust::null_type,thrust::null_type,thrust::null_type,thrust::null_type,thrust::null_type,thrust::null_type,thrust::null_type,thrust::null_type>>(Tuple)' being compiled
                 with
                 [
                     Tuple=thrust::detail::tuple_of_iterator_references<__int64,unsigned int &,thrust::null_type,thrust::null_type,thrust::null_type,thrust::null_type,thrust::null_type,thrust::null_type,thrust::null_type,thrust::null_type>
                 ]
       Link:
         C:\Program Files (x86)\Microsoft Visual Studio 12.0\VC\bin\x86_amd64\link.exe /ERRORREPORT:PROMPT /OUT:"C:\Users\Harley\cuda\PositionBasedFluids modify\x64\Release\PositionBasedFluids.exe" /INCREMENTAL:NO /NOLOGO /LIBPATH:C:\Users\Harley\cuda\freeglut\lib /LIBPATH:C:\Users\Harley\cuda\DevIL /LIBPATH:"C:\Users\Harley\cuda\Simple OpenGL Image Library\lib" /LIBPATH:"C:\Users\Harley\cuda\glew-1.13.0\lib\Release\x64" /LIBPATH:"C:\Users\Harley\cuda\glfw-3.1.2.bin.WIN64\lib-vc2013" /LIBPATH:"C:\Program Files\NVIDIA GPU Computing Toolkit\CUDA\v7.5\lib\x64" glfw3.lib opengl32.lib glew32.lib DevIL.lib ILU.lib ILUT.lib cudart.lib kernel32.lib user32.lib gdi32.lib winspool.lib comdlg32.lib advapi32.lib shell32.lib ole32.lib oleaut32.lib uuid.lib odbc32.lib odbccp32.lib kernel32.lib user32.lib gdi32.lib winspool.lib comdlg32.lib advapi32.lib shell32.lib ole32.lib oleaut32.lib uuid.lib odbc32.lib odbccp32.lib /MANIFEST /MANIFESTUAC:"level='asInvoker' uiAccess='false'" /manifest:embed /DEBUG /PDB:"C:\Users\Harley\cuda\PositionBasedFluids modify\x64\Release\PositionBasedFluids.pdb" /SUBSYSTEM:CONSOLE /OPT:REF /OPT:ICF /LTCG /TLBID:1 /DYNAMICBASE /NXCOMPAT /IMPLIB:"C:\Users\Harley\cuda\PositionBasedFluids modify\x64\Release\PositionBasedFluids.lib" /MACHINE:X64 x64\Release\ParticleSystem.cu.obj
         x64\Release\main.obj
         x64\Release\ParticleSystem.obj
         x64\Release\Renderer.obj
         Generating code
         Finished generating code
         PositionBasedFluids.vcxproj -> C:\Users\Harley\cuda\PositionBasedFluids modify\x64\Release\PositionBasedFluids.exe
     1>Done Building Project "C:\Users\Harley\cuda\PositionBasedFluids modify\PositionBasedFluids\PositionBasedFluids.vcxproj" (Build target(s)).

Build succeeded.

Time Elapsed 00:00:28.52
