Build started 12/6/2015 11:58:38 PM.
     1>Project "C:\Users\Harley\cuda\PositionBasedFluids modify\PositionBasedFluids\PositionBasedFluids.vcxproj" on node 2 (Build target(s)).
     1>CudaBuild:
         Compiling CUDA source file ParticleSystem.cu...
         cmd.exe /C "C:\Users\Harley\AppData\Local\Temp\tmp1602d73d1d0741dc8c457d796eb61bd9.cmd"
         "C:\Program Files\NVIDIA GPU Computing Toolkit\CUDA\v7.5\bin\nvcc.exe" -gencode=arch=compute_20,code=\"sm_20,compute_20\" --use-local-env --cl-version 2013 -ccbin "C:\Program Files (x86)\Microsoft Visual Studio 12.0\VC\bin\x86_amd64"  -I"C:\Program Files\NVIDIA Corporation\Installer2\CUDAToolkit_7.5.{4484984A-7EA3-40C8-A0D7-EF6112B84F00}\include" -I"C:\Users\Harley\Cuda\Simple OpenGL Image Library\src" -IC:\Users\Harley\Cuda\DevIL\include -I"C:\Users\Harley\Cuda\glew-1.13.0\include" -IC:\Users\Harley\Cuda\glm -IC:\Users\Harley\cuda\freeglut\include -I"C:\Users\Harley\Cuda\glfw-3.1.2.bin.WIN64\include" -I"C:\Program Files\NVIDIA GPU Computing Toolkit\CUDA\v7.5\include" -I"C:\Program Files\NVIDIA GPU Computing Toolkit\CUDA\v7.5\include"  -G   --keep-dir x64\Debug -maxrregcount=0  --machine 64 --compile -cudart static  -g   -DWIN32 -D_DEBUG -D_CONSOLE -D_LIB -D_MBCS -Xcompiler "/EHsc /W3 /nologo /Od /Zi /RTC1 /MDd " -o x64\Debug\ParticleSystem.cu.obj "C:\Users\Harley\cuda\PositionBasedFluids modify\PositionBasedFluids\ParticleSystem.cu"
         
         C:\Users\Harley\cuda\PositionBasedFluids modify\PositionBasedFluids>"C:\Program Files\NVIDIA GPU Computing Toolkit\CUDA\v7.5\bin\nvcc.exe" -gencode=arch=compute_20,code=\"sm_20,compute_20\" --use-local-env --cl-version 2013 -ccbin "C:\Program Files (x86)\Microsoft Visual Studio 12.0\VC\bin\x86_amd64"  -I"C:\Program Files\NVIDIA Corporation\Installer2\CUDAToolkit_7.5.{4484984A-7EA3-40C8-A0D7-EF6112B84F00}\include" -I"C:\Users\Harley\Cuda\Simple OpenGL Image Library\src" -IC:\Users\Harley\Cuda\DevIL\include -I"C:\Users\Harley\Cuda\glew-1.13.0\include" -IC:\Users\Harley\Cuda\glm -IC:\Users\Harley\cuda\freeglut\include -I"C:\Users\Harley\Cuda\glfw-3.1.2.bin.WIN64\include" -I"C:\Program Files\NVIDIA GPU Computing Toolkit\CUDA\v7.5\include" -I"C:\Program Files\NVIDIA GPU Computing Toolkit\CUDA\v7.5\include"  -G   --keep-dir x64\Debug -maxrregcount=0  --machine 64 --compile -cudart static  -g   -DWIN32 -D_DEBUG -D_CONSOLE -D_LIB -D_MBCS -Xcompiler "/EHsc /W3 /nologo /Od /Zi /RTC1 /MDd " -o x64\Debug\ParticleSystem.cu.obj "C:\Users\Harley\cuda\PositionBasedFluids modify\PositionBasedFluids\ParticleSystem.cu" 
     1>C:/Users/Harley/cuda/PositionBasedFluids modify/PositionBasedFluids/ParticleSystem.cu(555): error : identifier "device_ptr" is undefined
     1>C:/Users/Harley/cuda/PositionBasedFluids modify/PositionBasedFluids/ParticleSystem.cu(555): error : type name is not allowed
     1>C:/Users/Harley/cuda/PositionBasedFluids modify/PositionBasedFluids/ParticleSystem.cu(555): error : identifier "a" is undefined
     1>C:/Users/Harley/cuda/PositionBasedFluids modify/PositionBasedFluids/ParticleSystem.cu(555): error : expected a ")"
     1>C:/Users/Harley/cuda/PositionBasedFluids modify/PositionBasedFluids/ParticleSystem.cu(556): error : expected a ";"
     1>C:/Users/Harley/cuda/PositionBasedFluids modify/PositionBasedFluids/ParticleSystem.cu(610): warning : parsing restarts here after previous syntax error
     1>C:/Users/Harley/cuda/PositionBasedFluids modify/PositionBasedFluids/ParticleSystem.cu(611): error : expected a declaration
     1>At end of source : warning : parsing restarts here after previous syntax error
         ParticleSystem.cu
     1>C:\Program Files (x86)\MSBuild\Microsoft.Cpp\v4.0\V120\BuildCustomizations\CUDA 7.5.targets(604,9): error MSB3721: The command ""C:\Program Files\NVIDIA GPU Computing Toolkit\CUDA\v7.5\bin\nvcc.exe" -gencode=arch=compute_20,code=\"sm_20,compute_20\" --use-local-env --cl-version 2013 -ccbin "C:\Program Files (x86)\Microsoft Visual Studio 12.0\VC\bin\x86_amd64"  -I"C:\Program Files\NVIDIA Corporation\Installer2\CUDAToolkit_7.5.{4484984A-7EA3-40C8-A0D7-EF6112B84F00}\include" -I"C:\Users\Harley\Cuda\Simple OpenGL Image Library\src" -IC:\Users\Harley\Cuda\DevIL\include -I"C:\Users\Harley\Cuda\glew-1.13.0\include" -IC:\Users\Harley\Cuda\glm -IC:\Users\Harley\cuda\freeglut\include -I"C:\Users\Harley\Cuda\glfw-3.1.2.bin.WIN64\include" -I"C:\Program Files\NVIDIA GPU Computing Toolkit\CUDA\v7.5\include" -I"C:\Program Files\NVIDIA GPU Computing Toolkit\CUDA\v7.5\include"  -G   --keep-dir x64\Debug -maxrregcount=0  --machine 64 --compile -cudart static  -g   -DWIN32 -D_DEBUG -D_CONSOLE -D_LIB -D_MBCS -Xcompiler "/EHsc /W3 /nologo /Od /Zi /RTC1 /MDd " -o x64\Debug\ParticleSystem.cu.obj "C:\Users\Harley\cuda\PositionBasedFluids modify\PositionBasedFluids\ParticleSystem.cu"" exited with code 2.
     1>Done Building Project "C:\Users\Harley\cuda\PositionBasedFluids modify\PositionBasedFluids\PositionBasedFluids.vcxproj" (Build target(s)) -- FAILED.

Build FAILED.

Time Elapsed 00:00:04.69
